# JRE version: Java(TM) SE Runtime Environment (8.0_60-b27) (build 1.8.0_60-b27)
# Java VM: Java HotSpot(TM) 64-Bit Server VM (25.60-b23 mixed mode bsd-amd64 compressed oops)
Heap:
 PSYoungGen      total 76288K, used 0K [0x000000076ab00000, 0x0000000770000000, 0x00000007c0000000)
  eden space 65536K, 0% used [0x000000076ab00000,0x000000076ab00000,0x000000076eb00000)
  from space 10752K, 0% used [0x000000076eb00000,0x000000076eb00000,0x000000076f580000)
  to   space 10752K, 0% used [0x000000076f580000,0x000000076f580000,0x0000000770000000)
 ParOldGen       total 175104K, used 2471K [0x00000006c0000000, 0x00000006cab00000, 0x000000076ab00000)
  object space 175104K, 1% used [0x00000006c0000000,0x00000006c0269fe0,0x00000006cab00000)
 Metaspace       used 15991K, capacity 16552K, committed 16640K, reserved 1064960K
  class space    used 1817K, capacity 1969K, committed 2048K, reserved 1048576K
GC Heap History (10 events):
Event: 50.183 GC heap before
{Heap before GC invocations=110 (full 55):
 PSYoungGen      total 76288K, used 256K [0x000000076ab00000, 0x0000000770000000, 0x00000007c0000000)
  eden space 65536K, 0% used [0x000000076ab00000,0x000000076ab00000,0x000000076eb00000)
  from space 10752K, 2% used [0x000000076eb00000,0x000000076eb40000,0x000000076f580000)
  to   space 10752K, 0% used [0x000000076f580000,0x000000076f580000,0x0000000770000000)
 ParOldGen       total 175104K, used 2479K [0x00000006c0000000, 0x00000006cab00000, 0x000000076ab00000)
  object space 175104K, 1% used [0x00000006c0000000,0x00000006c026bf48,0x00000006cab00000)
 Metaspace       used 15993K, capacity 16562K, committed 16640K, reserved 1064960K
  class space    used 1818K, capacity 1971K, committed 2048K, reserved 1048576K
Event: 50.193 GC heap after
Heap after GC invocations=110 (full 55):
 PSYoungGen      total 76288K, used 0K [0x000000076ab00000, 0x0000000770000000, 0x00000007c0000000)
  eden space 65536K, 0% used [0x000000076ab00000,0x000000076ab00000,0x000000076eb00000)
  from space 10752K, 0% used [0x000000076eb00000,0x000000076eb00000,0x000000076f580000)
  to   space 10752K, 0% used [0x000000076f580000,0x000000076f580000,0x0000000770000000)
 ParOldGen       total 175104K, used 2471K [0x00000006c0000000, 0x00000006cab00000, 0x000000076ab00000)
  object space 175104K, 1% used [0x00000006c0000000,0x00000006c0269fe0,0x00000006cab00000)
 Metaspace       used 15985K, capacity 16552K, committed 16640K, reserved 1064960K
  class space    used 1817K, capacity 1969K, committed 2048K, reserved 1048576K
}
Event: 50.746 GC heap before
{Heap before GC invocations=111 (full 55):
 PSYoungGen      total 76288K, used 28595K [0x000000076ab00000, 0x0000000770000000, 0x00000007c0000000)
  eden space 65536K, 43% used [0x000000076ab00000,0x000000076c6ecea8,0x000000076eb00000)
  from space 10752K, 0% used [0x000000076eb00000,0x000000076eb00000,0x000000076f580000)
  to   space 10752K, 0% used [0x000000076f580000,0x000000076f580000,0x0000000770000000)
 ParOldGen       total 175104K, used 2471K [0x00000006c0000000, 0x00000006cab00000, 0x000000076ab00000)
  object space 175104K, 1% used [0x00000006c0000000,0x00000006c0269fe0,0x00000006cab00000)
 Metaspace       used 15996K, capacity 16562K, committed 16640K, reserved 1064960K
  class space    used 1818K, capacity 1971K, committed 2048K, reserved 1048576K
Event: 50.747 GC heap after
Heap after GC invocations=111 (full 55):
 PSYoungGen      total 76288K, used 192K [0x000000076ab00000, 0x0000000770000000, 0x00000007c0000000)
  eden space 65536K, 0% used [0x000000076ab00000,0x000000076ab00000,0x000000076eb00000)
  from space 10752K, 1% used [0x000000076f580000,0x000000076f5b0000,0x0000000770000000)
  to   space 10752K, 0% used [0x000000076eb00000,0x000000076eb00000,0x000000076f580000)
 ParOldGen       total 175104K, used 2471K [0x00000006c0000000, 0x00000006cab00000, 0x000000076ab00000)
  object space 175104K, 1% used [0x00000006c0000000,0x00000006c0269fe0,0x00000006cab00000)
 Metaspace       used 15996K, capacity 16562K, committed 16640K, reserved 1064960K
  class space    used 1818K, capacity 1971K, committed 2048K, reserved 1048576K
}
Event: 50.747 GC heap before
{Heap before GC invocations=112 (full 56):
 PSYoungGen      total 76288K, used 192K [0x000000076ab00000, 0x0000000770000000, 0x00000007c0000000)
  eden space 65536K, 0% used [0x000000076ab00000,0x000000076ab00000,0x000000076eb00000)
  from space 10752K, 1% used [0x000000076f580000,0x000000076f5b0000,0x0000000770000000)
  to   space 10752K, 0% used [0x000000076eb00000,0x000000076eb00000,0x000000076f580000)
 ParOldGen       total 175104K, used 2471K [0x00000006c0000000, 0x00000006cab00000, 0x000000076ab00000)
  object space 175104K, 1% used [0x00000006c0000000,0x00000006c0269fe0,0x00000006cab00000)
 Metaspace       used 15996K, capacity 16562K, committed 16640K, reserved 1064960K
  class space    used 1818K, capacity 1971K, committed 2048K, reserved 1048576K
Event: 50.758 GC heap after
Heap after GC invocations=112 (full 56):
 PSYoungGen      total 76288K, used 0K [0x000000076ab00000, 0x0000000770000000, 0x00000007c0000000)
  eden space 65536K, 0% used [0x000000076ab00000,0x000000076ab00000,0x000000076eb00000)
  from space 10752K, 0% used [0x000000076f580000,0x000000076f580000,0x0000000770000000)
  to   space 10752K, 0% used [0x000000076eb00000,0x000000076eb00000,0x000000076f580000)
 ParOldGen       total 175104K, used 2471K [0x00000006c0000000, 0x00000006cab00000, 0x000000076ab00000)
  object space 175104K, 1% used [0x00000006c0000000,0x00000006c0269fe0,0x00000006cab00000)
 Metaspace       used 15988K, capacity 16552K, committed 16640K, reserved 1064960K
  class space    used 1817K, capacity 1969K, committed 2048K, reserved 1048576K
}
Event: 51.129 GC heap before
{Heap before GC invocations=113 (full 56):
 PSYoungGen      total 76288K, used 16274K [0x000000076ab00000, 0x0000000770000000, 0x00000007c0000000)
  eden space 65536K, 24% used [0x000000076ab00000,0x000000076bae49e0,0x000000076eb00000)
  from space 10752K, 0% used [0x000000076f580000,0x000000076f580000,0x0000000770000000)
  to   space 10752K, 0% used [0x000000076eb00000,0x000000076eb00000,0x000000076f580000)
 ParOldGen       total 175104K, used 2471K [0x00000006c0000000, 0x00000006cab00000, 0x000000076ab00000)
  object space 175104K, 1% used [0x00000006c0000000,0x00000006c0269fe0,0x00000006cab00000)
 Metaspace       used 15999K, capacity 16562K, committed 16640K, reserved 1064960K
  class space    used 1818K, capacity 1971K, committed 2048K, reserved 1048576K
Event: 51.130 GC heap after
Heap after GC invocations=113 (full 56):
 PSYoungGen      total 76288K, used 160K [0x000000076ab00000, 0x0000000770000000, 0x00000007c0000000)
  eden space 65536K, 0% used [0x000000076ab00000,0x000000076ab00000,0x000000076eb00000)
  from space 10752K, 1% used [0x000000076eb00000,0x000000076eb28000,0x000000076f580000)
  to   space 10752K, 0% used [0x000000076f580000,0x000000076f580000,0x0000000770000000)
 ParOldGen       total 175104K, used 2471K [0x00000006c0000000, 0x00000006cab00000, 0x000000076ab00000)
  object space 175104K, 1% used [0x00000006c0000000,0x00000006c0269fe0,0x00000006cab00000)
 Metaspace       used 15999K, capacity 16562K, committed 16640K, reserved 1064960K
  class space    used 1818K, capacity 1971K, committed 2048K, reserved 1048576K
}
Event: 51.130 GC heap before
{Heap before GC invocations=114 (full 57):
 PSYoungGen      total 76288K, used 160K [0x000000076ab00000, 0x0000000770000000, 0x00000007c0000000)
  eden space 65536K, 0% used [0x000000076ab00000,0x000000076ab00000,0x000000076eb00000)
  from space 10752K, 1% used [0x000000076eb00000,0x000000076eb28000,0x000000076f580000)
  to   space 10752K, 0% used [0x000000076f580000,0x000000076f580000,0x0000000770000000)
 ParOldGen       total 175104K, used 2471K [0x00000006c0000000, 0x00000006cab00000, 0x000000076ab00000)
  object space 175104K, 1% used [0x00000006c0000000,0x00000006c0269fe0,0x00000006cab00000)
 Metaspace       used 15999K, capacity 16562K, committed 16640K, reserved 1064960K
  class space    used 1818K, capacity 1971K, committed 2048K, reserved 1048576K
Event: 51.141 GC heap after
Heap after GC invocations=114 (full 57):
 PSYoungGen      total 76288K, used 0K [0x000000076ab00000, 0x0000000770000000, 0x00000007c0000000)
  eden space 65536K, 0% used [0x000000076ab00000,0x000000076ab00000,0x000000076eb00000)
  from space 10752K, 0% used [0x000000076eb00000,0x000000076eb00000,0x000000076f580000)
  to   space 10752K, 0% used [0x000000076f580000,0x000000076f580000,0x0000000770000000)
 ParOldGen       total 175104K, used 2471K [0x00000006c0000000, 0x00000006cab00000, 0x000000076ab00000)
  object space 175104K, 1% used [0x00000006c0000000,0x00000006c0269fe0,0x00000006cab00000)
 Metaspace       used 15991K, capacity 16552K, committed 16640K, reserved 1064960K
  class space    used 1817K, capacity 1969K, committed 2048K, reserved 1048576K
}

