# JRE version: Java(TM) SE Runtime Environment (8.0_60-b27) (build 1.8.0_60-b27)
# Java VM: Java HotSpot(TM) 64-Bit Server VM (25.60-b23 mixed mode bsd-amd64 compressed oops)
Heap:
 PSYoungGen      total 76288K, used 0K [0x000000076ab00000, 0x0000000770000000, 0x00000007c0000000)
  eden space 65536K, 0% used [0x000000076ab00000,0x000000076ab00000,0x000000076eb00000)
  from space 10752K, 0% used [0x000000076f580000,0x000000076f580000,0x0000000770000000)
  to   space 10752K, 0% used [0x000000076eb00000,0x000000076eb00000,0x000000076f580000)
 ParOldGen       total 175104K, used 1786K [0x00000006c0000000, 0x00000006cab00000, 0x000000076ab00000)
  object space 175104K, 1% used [0x00000006c0000000,0x00000006c01bea30,0x00000006cab00000)
 Metaspace       used 14294K, capacity 14420K, committed 14592K, reserved 1062912K
  class space    used 1599K, capacity 1667K, committed 1792K, reserved 1048576K
GC Heap History (10 events):
Event: 6.234 GC heap before
{Heap before GC invocations=404 (full 202):
 PSYoungGen      total 76288K, used 192K [0x000000076ab00000, 0x0000000770000000, 0x00000007c0000000)
  eden space 65536K, 0% used [0x000000076ab00000,0x000000076ab00000,0x000000076eb00000)
  from space 10752K, 1% used [0x000000076f580000,0x000000076f5b0000,0x0000000770000000)
  to   space 10752K, 0% used [0x000000076eb00000,0x000000076eb00000,0x000000076f580000)
 ParOldGen       total 175104K, used 1785K [0x00000006c0000000, 0x00000006cab00000, 0x000000076ab00000)
  object space 175104K, 1% used [0x00000006c0000000,0x00000006c01be520,0x00000006cab00000)
 Metaspace       used 14302K, capacity 14430K, committed 14592K, reserved 1062912K
  class space    used 1600K, capacity 1669K, committed 1792K, reserved 1048576K
Event: 6.241 GC heap after
Heap after GC invocations=404 (full 202):
 PSYoungGen      total 76288K, used 0K [0x000000076ab00000, 0x0000000770000000, 0x00000007c0000000)
  eden space 65536K, 0% used [0x000000076ab00000,0x000000076ab00000,0x000000076eb00000)
  from space 10752K, 0% used [0x000000076f580000,0x000000076f580000,0x0000000770000000)
  to   space 10752K, 0% used [0x000000076eb00000,0x000000076eb00000,0x000000076f580000)
 ParOldGen       total 175104K, used 1785K [0x00000006c0000000, 0x00000006cab00000, 0x000000076ab00000)
  object space 175104K, 1% used [0x00000006c0000000,0x00000006c01be520,0x00000006cab00000)
 Metaspace       used 14294K, capacity 14420K, committed 14592K, reserved 1062912K
  class space    used 1599K, capacity 1667K, committed 1792K, reserved 1048576K
}
Event: 6.248 GC heap before
{Heap before GC invocations=405 (full 202):
 PSYoungGen      total 76288K, used 2122K [0x000000076ab00000, 0x0000000770000000, 0x00000007c0000000)
  eden space 65536K, 3% used [0x000000076ab00000,0x000000076ad12b18,0x000000076eb00000)
  from space 10752K, 0% used [0x000000076f580000,0x000000076f580000,0x0000000770000000)
  to   space 10752K, 0% used [0x000000076eb00000,0x000000076eb00000,0x000000076f580000)
 ParOldGen       total 175104K, used 1785K [0x00000006c0000000, 0x00000006cab00000, 0x000000076ab00000)
  object space 175104K, 1% used [0x00000006c0000000,0x00000006c01be520,0x00000006cab00000)
 Metaspace       used 14302K, capacity 14430K, committed 14592K, reserved 1062912K
  class space    used 1600K, capacity 1669K, committed 1792K, reserved 1048576K
Event: 6.248 GC heap after
Heap after GC invocations=405 (full 202):
 PSYoungGen      total 76288K, used 224K [0x000000076ab00000, 0x0000000770000000, 0x00000007c0000000)
  eden space 65536K, 0% used [0x000000076ab00000,0x000000076ab00000,0x000000076eb00000)
  from space 10752K, 2% used [0x000000076eb00000,0x000000076eb38000,0x000000076f580000)
  to   space 10752K, 0% used [0x000000076f580000,0x000000076f580000,0x0000000770000000)
 ParOldGen       total 175104K, used 1785K [0x00000006c0000000, 0x00000006cab00000, 0x000000076ab00000)
  object space 175104K, 1% used [0x00000006c0000000,0x00000006c01be520,0x00000006cab00000)
 Metaspace       used 14302K, capacity 14430K, committed 14592K, reserved 1062912K
  class space    used 1600K, capacity 1669K, committed 1792K, reserved 1048576K
}
Event: 6.248 GC heap before
{Heap before GC invocations=406 (full 203):
 PSYoungGen      total 76288K, used 224K [0x000000076ab00000, 0x0000000770000000, 0x00000007c0000000)
  eden space 65536K, 0% used [0x000000076ab00000,0x000000076ab00000,0x000000076eb00000)
  from space 10752K, 2% used [0x000000076eb00000,0x000000076eb38000,0x000000076f580000)
  to   space 10752K, 0% used [0x000000076f580000,0x000000076f580000,0x0000000770000000)
 ParOldGen       total 175104K, used 1785K [0x00000006c0000000, 0x00000006cab00000, 0x000000076ab00000)
  object space 175104K, 1% used [0x00000006c0000000,0x00000006c01be520,0x00000006cab00000)
 Metaspace       used 14302K, capacity 14430K, committed 14592K, reserved 1062912K
  class space    used 1600K, capacity 1669K, committed 1792K, reserved 1048576K
Event: 6.256 GC heap after
Heap after GC invocations=406 (full 203):
 PSYoungGen      total 76288K, used 0K [0x000000076ab00000, 0x0000000770000000, 0x00000007c0000000)
  eden space 65536K, 0% used [0x000000076ab00000,0x000000076ab00000,0x000000076eb00000)
  from space 10752K, 0% used [0x000000076eb00000,0x000000076eb00000,0x000000076f580000)
  to   space 10752K, 0% used [0x000000076f580000,0x000000076f580000,0x0000000770000000)
 ParOldGen       total 175104K, used 1785K [0x00000006c0000000, 0x00000006cab00000, 0x000000076ab00000)
  object space 175104K, 1% used [0x00000006c0000000,0x00000006c01be520,0x00000006cab00000)
 Metaspace       used 14294K, capacity 14420K, committed 14592K, reserved 1062912K
  class space    used 1599K, capacity 1667K, committed 1792K, reserved 1048576K
}
Event: 6.263 GC heap before
{Heap before GC invocations=407 (full 203):
 PSYoungGen      total 76288K, used 2531K [0x000000076ab00000, 0x0000000770000000, 0x00000007c0000000)
  eden space 65536K, 3% used [0x000000076ab00000,0x000000076ad78fe8,0x000000076eb00000)
  from space 10752K, 0% used [0x000000076eb00000,0x000000076eb00000,0x000000076f580000)
  to   space 10752K, 0% used [0x000000076f580000,0x000000076f580000,0x0000000770000000)
 ParOldGen       total 175104K, used 1785K [0x00000006c0000000, 0x00000006cab00000, 0x000000076ab00000)
  object space 175104K, 1% used [0x00000006c0000000,0x00000006c01be520,0x00000006cab00000)
 Metaspace       used 14303K, capacity 14430K, committed 14592K, reserved 1062912K
  class space    used 1601K, capacity 1669K, committed 1792K, reserved 1048576K
Event: 6.263 GC heap after
Heap after GC invocations=407 (full 203):
 PSYoungGen      total 76288K, used 128K [0x000000076ab00000, 0x0000000770000000, 0x00000007c0000000)
  eden space 65536K, 0% used [0x000000076ab00000,0x000000076ab00000,0x000000076eb00000)
  from space 10752K, 1% used [0x000000076f580000,0x000000076f5a0000,0x0000000770000000)
  to   space 10752K, 0% used [0x000000076eb00000,0x000000076eb00000,0x000000076f580000)
 ParOldGen       total 175104K, used 1785K [0x00000006c0000000, 0x00000006cab00000, 0x000000076ab00000)
  object space 175104K, 1% used [0x00000006c0000000,0x00000006c01be520,0x00000006cab00000)
 Metaspace       used 14303K, capacity 14430K, committed 14592K, reserved 1062912K
  class space    used 1601K, capacity 1669K, committed 1792K, reserved 1048576K
}
Event: 6.263 GC heap before
{Heap before GC invocations=408 (full 204):
 PSYoungGen      total 76288K, used 128K [0x000000076ab00000, 0x0000000770000000, 0x00000007c0000000)
  eden space 65536K, 0% used [0x000000076ab00000,0x000000076ab00000,0x000000076eb00000)
  from space 10752K, 1% used [0x000000076f580000,0x000000076f5a0000,0x0000000770000000)
  to   space 10752K, 0% used [0x000000076eb00000,0x000000076eb00000,0x000000076f580000)
 ParOldGen       total 175104K, used 1785K [0x00000006c0000000, 0x00000006cab00000, 0x000000076ab00000)
  object space 175104K, 1% used [0x00000006c0000000,0x00000006c01be520,0x00000006cab00000)
 Metaspace       used 14303K, capacity 14430K, committed 14592K, reserved 1062912K
  class space    used 1601K, capacity 1669K, committed 1792K, reserved 1048576K
Event: 6.270 GC heap after
Heap after GC invocations=408 (full 204):
 PSYoungGen      total 76288K, used 0K [0x000000076ab00000, 0x0000000770000000, 0x00000007c0000000)
  eden space 65536K, 0% used [0x000000076ab00000,0x000000076ab00000,0x000000076eb00000)
  from space 10752K, 0% used [0x000000076f580000,0x000000076f580000,0x0000000770000000)
  to   space 10752K, 0% used [0x000000076eb00000,0x000000076eb00000,0x000000076f580000)
 ParOldGen       total 175104K, used 1786K [0x00000006c0000000, 0x00000006cab00000, 0x000000076ab00000)
  object space 175104K, 1% used [0x00000006c0000000,0x00000006c01bea30,0x00000006cab00000)
 Metaspace       used 14294K, capacity 14420K, committed 14592K, reserved 1062912K
  class space    used 1599K, capacity 1667K, committed 1792K, reserved 1048576K
}

