# JRE version: Java(TM) SE Runtime Environment (8.0_60-b27) (build 1.8.0_60-b27)
# Java VM: Java HotSpot(TM) 64-Bit Server VM (25.60-b23 mixed mode bsd-amd64 compressed oops)
Heap:
 PSYoungGen      total 76288K, used 0K [0x000000076ab00000, 0x0000000770000000, 0x00000007c0000000)
  eden space 65536K, 0% used [0x000000076ab00000,0x000000076ab00000,0x000000076eb00000)
  from space 10752K, 0% used [0x000000076eb00000,0x000000076eb00000,0x000000076f580000)
  to   space 10752K, 0% used [0x000000076f580000,0x000000076f580000,0x0000000770000000)
 ParOldGen       total 175104K, used 2483K [0x00000006c0000000, 0x00000006cab00000, 0x000000076ab00000)
  object space 175104K, 1% used [0x00000006c0000000,0x00000006c026ce78,0x00000006cab00000)
 Metaspace       used 16556K, capacity 17128K, committed 17408K, reserved 1064960K
  class space    used 1819K, capacity 1969K, committed 2048K, reserved 1048576K
GC Heap History (10 events):
Event: 670.907 GC heap before
{Heap before GC invocations=526 (full 263):
 PSYoungGen      total 76288K, used 192K [0x000000076ab00000, 0x0000000770000000, 0x00000007c0000000)
  eden space 65536K, 0% used [0x000000076ab00000,0x000000076ab00000,0x000000076eb00000)
  from space 10752K, 1% used [0x000000076eb00000,0x000000076eb30000,0x000000076f580000)
  to   space 10752K, 0% used [0x000000076f580000,0x000000076f580000,0x0000000770000000)
 ParOldGen       total 175104K, used 2483K [0x00000006c0000000, 0x00000006cab00000, 0x000000076ab00000)
  object space 175104K, 1% used [0x00000006c0000000,0x00000006c026ce78,0x00000006cab00000)
 Metaspace       used 16561K, capacity 17138K, committed 17408K, reserved 1064960K
  class space    used 1821K, capacity 1971K, committed 2048K, reserved 1048576K
Event: 670.919 GC heap after
Heap after GC invocations=526 (full 263):
 PSYoungGen      total 76288K, used 0K [0x000000076ab00000, 0x0000000770000000, 0x00000007c0000000)
  eden space 65536K, 0% used [0x000000076ab00000,0x000000076ab00000,0x000000076eb00000)
  from space 10752K, 0% used [0x000000076eb00000,0x000000076eb00000,0x000000076f580000)
  to   space 10752K, 0% used [0x000000076f580000,0x000000076f580000,0x0000000770000000)
 ParOldGen       total 175104K, used 2483K [0x00000006c0000000, 0x00000006cab00000, 0x000000076ab00000)
  object space 175104K, 1% used [0x00000006c0000000,0x00000006c026ce78,0x00000006cab00000)
 Metaspace       used 16553K, capacity 17128K, committed 17408K, reserved 1064960K
  class space    used 1819K, capacity 1969K, committed 2048K, reserved 1048576K
}
Event: 671.826 GC heap before
{Heap before GC invocations=527 (full 263):
 PSYoungGen      total 76288K, used 28109K [0x000000076ab00000, 0x0000000770000000, 0x00000007c0000000)
  eden space 65536K, 42% used [0x000000076ab00000,0x000000076c6736e0,0x000000076eb00000)
  from space 10752K, 0% used [0x000000076eb00000,0x000000076eb00000,0x000000076f580000)
  to   space 10752K, 0% used [0x000000076f580000,0x000000076f580000,0x0000000770000000)
 ParOldGen       total 175104K, used 2483K [0x00000006c0000000, 0x00000006cab00000, 0x000000076ab00000)
  object space 175104K, 1% used [0x00000006c0000000,0x00000006c026ce78,0x00000006cab00000)
 Metaspace       used 16561K, capacity 17138K, committed 17408K, reserved 1064960K
  class space    used 1821K, capacity 1971K, committed 2048K, reserved 1048576K
Event: 671.826 GC heap after
Heap after GC invocations=527 (full 263):
 PSYoungGen      total 76288K, used 224K [0x000000076ab00000, 0x0000000770000000, 0x00000007c0000000)
  eden space 65536K, 0% used [0x000000076ab00000,0x000000076ab00000,0x000000076eb00000)
  from space 10752K, 2% used [0x000000076f580000,0x000000076f5b8000,0x0000000770000000)
  to   space 10752K, 0% used [0x000000076eb00000,0x000000076eb00000,0x000000076f580000)
 ParOldGen       total 175104K, used 2483K [0x00000006c0000000, 0x00000006cab00000, 0x000000076ab00000)
  object space 175104K, 1% used [0x00000006c0000000,0x00000006c026ce78,0x00000006cab00000)
 Metaspace       used 16561K, capacity 17138K, committed 17408K, reserved 1064960K
  class space    used 1821K, capacity 1971K, committed 2048K, reserved 1048576K
}
Event: 671.826 GC heap before
{Heap before GC invocations=528 (full 264):
 PSYoungGen      total 76288K, used 224K [0x000000076ab00000, 0x0000000770000000, 0x00000007c0000000)
  eden space 65536K, 0% used [0x000000076ab00000,0x000000076ab00000,0x000000076eb00000)
  from space 10752K, 2% used [0x000000076f580000,0x000000076f5b8000,0x0000000770000000)
  to   space 10752K, 0% used [0x000000076eb00000,0x000000076eb00000,0x000000076f580000)
 ParOldGen       total 175104K, used 2483K [0x00000006c0000000, 0x00000006cab00000, 0x000000076ab00000)
  object space 175104K, 1% used [0x00000006c0000000,0x00000006c026ce78,0x00000006cab00000)
 Metaspace       used 16561K, capacity 17138K, committed 17408K, reserved 1064960K
  class space    used 1821K, capacity 1971K, committed 2048K, reserved 1048576K
Event: 671.839 GC heap after
Heap after GC invocations=528 (full 264):
 PSYoungGen      total 76288K, used 0K [0x000000076ab00000, 0x0000000770000000, 0x00000007c0000000)
  eden space 65536K, 0% used [0x000000076ab00000,0x000000076ab00000,0x000000076eb00000)
  from space 10752K, 0% used [0x000000076f580000,0x000000076f580000,0x0000000770000000)
  to   space 10752K, 0% used [0x000000076eb00000,0x000000076eb00000,0x000000076f580000)
 ParOldGen       total 175104K, used 2483K [0x00000006c0000000, 0x00000006cab00000, 0x000000076ab00000)
  object space 175104K, 1% used [0x00000006c0000000,0x00000006c026ce78,0x00000006cab00000)
 Metaspace       used 16553K, capacity 17128K, committed 17408K, reserved 1064960K
  class space    used 1819K, capacity 1969K, committed 2048K, reserved 1048576K
}
Event: 672.095 GC heap before
{Heap before GC invocations=529 (full 264):
 PSYoungGen      total 76288K, used 17115K [0x000000076ab00000, 0x0000000770000000, 0x00000007c0000000)
  eden space 65536K, 26% used [0x000000076ab00000,0x000000076bbb6c70,0x000000076eb00000)
  from space 10752K, 0% used [0x000000076f580000,0x000000076f580000,0x0000000770000000)
  to   space 10752K, 0% used [0x000000076eb00000,0x000000076eb00000,0x000000076f580000)
 ParOldGen       total 175104K, used 2483K [0x00000006c0000000, 0x00000006cab00000, 0x000000076ab00000)
  object space 175104K, 1% used [0x00000006c0000000,0x00000006c026ce78,0x00000006cab00000)
 Metaspace       used 16565K, capacity 17138K, committed 17408K, reserved 1064960K
  class space    used 1821K, capacity 1971K, committed 2048K, reserved 1048576K
Event: 672.096 GC heap after
Heap after GC invocations=529 (full 264):
 PSYoungGen      total 76288K, used 224K [0x000000076ab00000, 0x0000000770000000, 0x00000007c0000000)
  eden space 65536K, 0% used [0x000000076ab00000,0x000000076ab00000,0x000000076eb00000)
  from space 10752K, 2% used [0x000000076eb00000,0x000000076eb38000,0x000000076f580000)
  to   space 10752K, 0% used [0x000000076f580000,0x000000076f580000,0x0000000770000000)
 ParOldGen       total 175104K, used 2483K [0x00000006c0000000, 0x00000006cab00000, 0x000000076ab00000)
  object space 175104K, 1% used [0x00000006c0000000,0x00000006c026ce78,0x00000006cab00000)
 Metaspace       used 16565K, capacity 17138K, committed 17408K, reserved 1064960K
  class space    used 1821K, capacity 1971K, committed 2048K, reserved 1048576K
}
Event: 672.096 GC heap before
{Heap before GC invocations=530 (full 265):
 PSYoungGen      total 76288K, used 224K [0x000000076ab00000, 0x0000000770000000, 0x00000007c0000000)
  eden space 65536K, 0% used [0x000000076ab00000,0x000000076ab00000,0x000000076eb00000)
  from space 10752K, 2% used [0x000000076eb00000,0x000000076eb38000,0x000000076f580000)
  to   space 10752K, 0% used [0x000000076f580000,0x000000076f580000,0x0000000770000000)
 ParOldGen       total 175104K, used 2483K [0x00000006c0000000, 0x00000006cab00000, 0x000000076ab00000)
  object space 175104K, 1% used [0x00000006c0000000,0x00000006c026ce78,0x00000006cab00000)
 Metaspace       used 16565K, capacity 17138K, committed 17408K, reserved 1064960K
  class space    used 1821K, capacity 1971K, committed 2048K, reserved 1048576K
Event: 672.108 GC heap after
Heap after GC invocations=530 (full 265):
 PSYoungGen      total 76288K, used 0K [0x000000076ab00000, 0x0000000770000000, 0x00000007c0000000)
  eden space 65536K, 0% used [0x000000076ab00000,0x000000076ab00000,0x000000076eb00000)
  from space 10752K, 0% used [0x000000076eb00000,0x000000076eb00000,0x000000076f580000)
  to   space 10752K, 0% used [0x000000076f580000,0x000000076f580000,0x0000000770000000)
 ParOldGen       total 175104K, used 2483K [0x00000006c0000000, 0x00000006cab00000, 0x000000076ab00000)
  object space 175104K, 1% used [0x00000006c0000000,0x00000006c026ce78,0x00000006cab00000)
 Metaspace       used 16556K, capacity 17128K, committed 17408K, reserved 1064960K
  class space    used 1819K, capacity 1969K, committed 2048K, reserved 1048576K
}

